# JRE version: Java(TM) SE Runtime Environment (8.0_45-b14) (build 1.8.0_45-b14)
# Java VM: Java HotSpot(TM) Client VM (25.45-b02 mixed mode windows-x86 )
Heap:
 def new generation   total 39424K, used 14527K [0x08200000, 0x0acc0000, 0x12ca0000)
  eden space 35072K,  41% used [0x08200000, 0x0902fe80, 0x0a440000)
  from space 4352K,   0% used [0x0a440000, 0x0a440000, 0x0a880000)
  to   space 4352K,   0% used [0x0a880000, 0x0a880000, 0x0acc0000)
 tenured generation   total 87424K, used 10897K [0x12ca0000, 0x18200000, 0x28200000)
   the space 87424K,  12% used [0x12ca0000, 0x137446b8, 0x13744800, 0x18200000)
 Metaspace       used 13581K, capacity 13810K, committed 13952K, reserved 14720K
GC Heap History (6 events):
Event: 0.776 GC heap before
{Heap before GC invocations=0 (full 0):
 def new generation   total 39296K, used 34944K [0x08200000, 0x0aca0000, 0x12ca0000)
  eden space 34944K, 100% used [0x08200000, 0x0a420000, 0x0a420000)
  from space 4352K,   0% used [0x0a420000, 0x0a420000, 0x0a860000)
  to   space 4352K,   0% used [0x0a860000, 0x0a860000, 0x0aca0000)
 tenured generation   total 87424K, used 0K [0x12ca0000, 0x18200000, 0x28200000)
   the space 87424K,   0% used [0x12ca0000, 0x12ca0000, 0x12ca0200, 0x18200000)
 Metaspace       used 8546K, capacity 8732K, committed 8832K, reserved 9600K
Event: 0.786 GC heap after
Heap after GC invocations=1 (full 0):
 def new generation   total 39296K, used 4352K [0x08200000, 0x0aca0000, 0x12ca0000)
  eden space 34944K,   0% used [0x08200000, 0x08200000, 0x0a420000)
  from space 4352K, 100% used [0x0a860000, 0x0aca0000, 0x0aca0000)
  to   space 4352K,   0% used [0x0a420000, 0x0a420000, 0x0a860000)
 tenured generation   total 87424K, used 2318K [0x12ca0000, 0x18200000, 0x28200000)
   the space 87424K,   2% used [0x12ca0000, 0x12ee39a8, 0x12ee3a00, 0x18200000)
 Metaspace       used 8546K, capacity 8732K, committed 8832K, reserved 9600K
}
Event: 1.423 GC heap before
{Heap before GC invocations=1 (full 0):
 def new generation   total 39296K, used 39296K [0x08200000, 0x0aca0000, 0x12ca0000)
  eden space 34944K, 100% used [0x08200000, 0x0a420000, 0x0a420000)
  from space 4352K, 100% used [0x0a860000, 0x0aca0000, 0x0aca0000)
  to   space 4352K,   0% used [0x0a420000, 0x0a420000, 0x0a860000)
 tenured generation   total 87424K, used 2318K [0x12ca0000, 0x18200000, 0x28200000)
   the space 87424K,   2% used [0x12ca0000, 0x12ee39a8, 0x12ee3a00, 0x18200000)
 Metaspace       used 11044K, capacity 11262K, committed 11392K, reserved 11648K
Event: 1.434 GC heap after
Heap after GC invocations=2 (full 0):
 def new generation   total 39296K, used 4247K [0x08200000, 0x0aca0000, 0x12ca0000)
  eden space 34944K,   0% used [0x08200000, 0x08200000, 0x0a420000)
  from space 4352K,  97% used [0x0a420000, 0x0a845dd0, 0x0a860000)
  to   space 4352K,   0% used [0x0a860000, 0x0a860000, 0x0aca0000)
 tenured generation   total 87424K, used 6450K [0x12ca0000, 0x18200000, 0x28200000)
   the space 87424K,   7% used [0x12ca0000, 0x132eca90, 0x132ecc00, 0x18200000)
 Metaspace       used 11044K, capacity 11262K, committed 11392K, reserved 11648K
}
Event: 2.281 GC heap before
{Heap before GC invocations=2 (full 0):
 def new generation   total 39296K, used 39015K [0x08200000, 0x0aca0000, 0x12ca0000)
  eden space 34944K,  99% used [0x08200000, 0x0a3f3ff8, 0x0a420000)
  from space 4352K,  97% used [0x0a420000, 0x0a845dd0, 0x0a860000)
  to   space 4352K,   0% used [0x0a860000, 0x0a860000, 0x0aca0000)
 tenured generation   total 87424K, used 6450K [0x12ca0000, 0x18200000, 0x28200000)
   the space 87424K,   7% used [0x12ca0000, 0x132eca90, 0x132ecc00, 0x18200000)
 Metaspace       used 12022K, capacity 12262K, committed 12288K, reserved 12672K
Event: 2.307 GC heap after
Heap after GC invocations=3 (full 1):
 def new generation   total 39424K, used 0K [0x08200000, 0x0acc0000, 0x12ca0000)
  eden space 35072K,   0% used [0x08200000, 0x08200000, 0x0a440000)
  from space 4352K,   0% used [0x0a440000, 0x0a440000, 0x0a880000)
  to   space 4352K,   0% used [0x0a880000, 0x0a880000, 0x0acc0000)
 tenured generation   total 87424K, used 10897K [0x12ca0000, 0x18200000, 0x28200000)
   the space 87424K,  12% used [0x12ca0000, 0x137446b8, 0x13744800, 0x18200000)
 Metaspace       used 12022K, capacity 12262K, committed 12288K, reserved 12672K
}

